/usr/local/share/ghdl/bin/ghdl -i --ieee=synopsys -fexplicit --workdir=build --work=work ../src/cpu.vhd
/usr/local/share/ghdl/bin/ghdl -m --ieee=synopsys -fexplicit --workdir=build -Pbuild --work=work cpu
/usr/local/share/ghdl/bin/ghdl -r --ieee=synopsys -fexplicit --workdir=build -Pbuild --work=work cpu --vpi=/homes/eva/xh/xhatal02/inp23-projekt1/env/lib/python3.8/site-packages/cocotb/libs/libcocotbvpi_ghdl.so
     -.--ns INFO     gpi                                ..mbed/gpi_embed.cpp:109  in set_program_name_in_venv        Using Python virtual environment interpreter at /homes/eva/xh/xhatal02/inp23-projekt1/env/bin/python
     -.--ns INFO     gpi                                ../gpi/GpiCommon.cpp:101  in gpi_print_registered_impl       VPI registered
     0.00ns INFO     cocotb                             Running on GHDL version 2.0.0 (tarball) [Dunoon edition]
     0.00ns INFO     cocotb                             Running tests with cocotb v1.7.1 from /homes/eva/xh/xhatal02/inp23-projekt1/env/lib/python3.8/site-packages/cocotb
     0.00ns INFO     cocotb                             Seeding Python random module with 1701117019
     0.00ns INFO     cocotb.hexdigest                   lib: db913e6f9a8b6fd10e0c8ec59ef3e5fa
     0.00ns INFO     cocotb.regression                  Found test cpu.test_reset
     0.00ns INFO     cocotb.regression                  Found test cpu.test_init
     0.00ns INFO     cocotb.regression                  Found test cpu.test_increment
     0.00ns INFO     cocotb.regression                  Found test cpu.test_decrement
     0.00ns INFO     cocotb.regression                  Found test cpu.test_move
     0.00ns INFO     cocotb.regression                  Found test cpu.test_print
     0.00ns INFO     cocotb.regression                  Found test cpu.test_input
     0.00ns INFO     cocotb.regression                  Found test cpu.test_while_loop
     0.00ns INFO     cocotb.regression                  Found test cpu.test_break
     0.00ns INFO     cocotb.regression                  Found test cpu.test_login_xhatal02
     0.00ns INFO     cocotb.regression                  running test_reset (1/10)
     0.00ns INFO     cocotb.hexdigest                   test: 051783e5d2cdd851bca38e8d42569b21
../../src/synopsys/std_logic_arith.vhdl:255:21:@0ms:(assertion warning): There is an 'U'|'X'|'W'|'Z'|'-' in an arithmetic operand, the result will be 'X'(es).
    51.00ns INFO     cocotb.regression                  test_reset passed
    51.00ns INFO     cocotb.regression                  running test_init (2/10)
                                                          Procesor initialization test
    51.00ns INFO     cocotb.hexdigest                   test: a249c54ee0ecb0c96aaaf33be3524bdf
    52.00ns INFO     cocotb.hexdigest                   code: 420cd9f16e90b08dbdf5195fdd9d0f62 len: 1
   151.00ns INFO     cocotb.hexdigest                   result: 420cd9f16e90b08dbdf5195fdd9d0f62
   151.00ns INFO     cocotb.regression                  test_init passed
   151.00ns INFO     cocotb.regression                  running test_increment (3/10)
                                                          Increment value of the first memory cell, i.e. *ptr++
   151.00ns INFO     cocotb.hexdigest                   test: d7e57889eb57d1264de4192e733bdfab
   152.00ns INFO     cocotb.hexdigest                   code: 83fdb8859bf9b7036a839b918e308b60 len: 4
   401.00ns INFO     cocotb.hexdigest                   result: 08a9e9c47976e0116dfa992853b8e023
   401.00ns INFO     cocotb.regression                  test_increment passed
   401.00ns INFO     cocotb.regression                  running test_decrement (4/10)
                                                          Decrement value of the first memory cell, i.e. *ptr--
   401.00ns INFO     cocotb.hexdigest                   test: 082c4ffc78bcfb50ac59fd0c31c1157b
   402.00ns INFO     cocotb.hexdigest                   code: 0772f54a199d95c25fff832f480c9d84 len: 4
   651.00ns INFO     cocotb.hexdigest                   result: cd6b8633aedcb944cec479ecee67bfa8
   651.00ns INFO     cocotb.regression                  test_decrement passed
   651.00ns INFO     cocotb.regression                  running test_move (5/10)
                                                          Move the pointer to the next cell and increment its value
   651.00ns INFO     cocotb.hexdigest                   test: fdacee8ba2548f8391f4eb7d52f76a97
   652.00ns INFO     cocotb.hexdigest                   code: 7c1cd3f96fc2c2ff2e089c27cfda24b6 len: 3
   841.00ns INFO     cocotb.hexdigest                   result: 7efbf0ee85c154b96298cc5edbbd2370
   841.00ns INFO     cocotb.regression                  test_move passed
   841.00ns INFO     cocotb.regression                  running test_print (6/10)
                                                          Print data to the output, i.e. putchar(*ptr)
   841.00ns INFO     cocotb.hexdigest                   test: a04a3cac87f8378977d5e696cb284135
   842.00ns INFO     cocotb.hexdigest                   code: b265746fe722436c7a1a1d8de199b058 len: 4
  2031.00ns INFO     cocotb.hexdigest                   result: b265746fe722436c7a1a1d8de199b058
  2031.00ns INFO     cocotb.regression                  test_print passed
  2031.00ns INFO     cocotb.regression                  running test_input (7/10)
                                                          Load data from the input, i.e. *ptr=getchar()
  2031.00ns INFO     cocotb.hexdigest                   test: d3412829e0e873fa7b95a032dfc5d207
  2032.00ns INFO     cocotb.hexdigest                   code: d3fac245532f03964cd19007b2032729 len: 4
  3251.00ns INFO     cocotb.hexdigest                   result: 2ed967e2be16e52843468f1408cb360b
  3252.00ns INFO     cocotb.hexdigest                   code: d3fac245532f03964cd19007b2032729 len: 4
  4471.00ns INFO     cocotb.hexdigest                   result: e816e9d618b24eaf2f916252df61b844
  4471.00ns INFO     cocotb.regression                  test_input passed
  4471.00ns INFO     cocotb.regression                  running test_while_loop (8/10)
                                                          Simple while loop test
  4471.00ns INFO     cocotb.hexdigest                   test: fff89ffce3eec97422f464713886359a
  4472.00ns INFO     cocotb.hexdigest                   code: dc8bee53ab9c57eaa957fd0fe2002e38 len: 5
  4731.00ns INFO     cocotb.hexdigest                   result: 9dddec5bed5c9a0ff546a60cc4a8e32e
  4731.00ns INFO     cocotb.regression                  test_while_loop failed
                                                        Traceback (most recent call last):
                                                          File "/homes/eva/xh/xhatal02/inp23-projekt1/zadani/test/scripts/cpu_lib.py", line 276, in fff
                                                            return await fg(dut)
                                                          File "/homes/eva/xh/xhatal02/inp23-projekt1/zadani/test/cpu.py", line 78, in test_while_loop
                                                            assert mem[5] == 0
                                                        AssertionError: assert 2 == 0
  4731.00ns INFO     cocotb.regression                  running test_break (9/10)
                                                          Simple break test
  4731.00ns INFO     cocotb.hexdigest                   test: d244325b25ffbac878991c296d8bf58a
  4732.00ns INFO     cocotb.hexdigest                   code: 2ff92dcde40bfd62c304d85b3c307437 len: 6
  5001.00ns INFO     cocotb.hexdigest                   result: ee374f6c466ac5617293b3600d1b5028
  5001.00ns INFO     cocotb.regression                  test_break passed
  5001.00ns INFO     cocotb.regression                  running test_login_xhatal02 (10/10)
                                                          Executes program in login.b file
  5001.00ns INFO     cocotb.hexdigest                   test: 83008f0a2b53d117cb31ef5bbce0f151
  5002.00ns INFO     cocotb.hexdigest                   code: b1a6bb1cf3affef763ca996ed748015a len: 39
  9131.00ns INFO     cocotb.hexdigest                   result: b35aeecb2f8477b109d46e19ae4d0546
  9131.00ns INFO     cocotb.regression                  test_login_xhatal02 passed
  9131.00ns INFO     cocotb.regression                  ***************************************************************************************
                                                        ** TEST                           STATUS  SIM TIME (ns)  REAL TIME (s)  RATIO (ns/s) **
                                                        ***************************************************************************************
                                                        ** cpu.test_reset                  PASS          51.00           0.01       9950.67  **
                                                        ** cpu.test_init                   PASS         100.00           0.02       5558.46  **
                                                        ** cpu.test_increment              PASS         250.00           0.02      10580.78  **
                                                        ** cpu.test_decrement              PASS         250.00           0.02      10893.84  **
                                                        ** cpu.test_move                   PASS         190.00           0.02       9827.81  **
                                                        ** cpu.test_print                  PASS        1190.00           0.07      16540.09  **
                                                        ** cpu.test_input                  PASS        2440.00           0.18      13441.80  **
                                                        ** cpu.test_while_loop             FAIL         260.00           0.03      10160.34  **
                                                        ** cpu.test_break                  PASS         270.00           0.03      10082.19  **
                                                        ** cpu.test_login_xhatal02         PASS        4130.00           0.26      15691.09  **
                                                        ***************************************************************************************
                                                        ** TESTS=10 PASS=9 FAIL=1 SKIP=0               9131.00           1.33       6889.51  **
                                                        ***************************************************************************************
                                                        
